2026-05-27T18:50:25.754+07:00  INFO 24108 --- [SS12_B1] [restartedMain] com.demo.ss12_b1.Ss12B1Application       : Starting Ss12B1Application using Java 17.0.12 with PID 24108 (C:\java_service\SS12_B1\build\classes\java\main started by Admin in C:\java_service\SS12_B1)
2026-05-27T18:50:25.758+07:00  INFO 24108 --- [SS12_B1] [restartedMain] com.demo.ss12_b1.Ss12B1Application       : No active profile set, falling back to 1 default profile: "default"
2026-05-27T18:50:25.809+07:00  INFO 24108 --- [SS12_B1] [restartedMain] .e.DevToolsPropertyDefaultsPostProcessor : Devtools property defaults active! Set 'spring.devtools.add-properties' to 'false' to disable
2026-05-27T18:50:25.810+07:00  INFO 24108 --- [SS12_B1] [restartedMain] .e.DevToolsPropertyDefaultsPostProcessor : For additional web related logging consider setting the 'logging.level.web' property to 'DEBUG'
2026-05-27T18:50:27.078+07:00  INFO 24108 --- [SS12_B1] [restartedMain] o.s.boot.tomcat.TomcatWebServer          : Tomcat initialized with port 8080 (http)
2026-05-27T18:50:27.092+07:00  INFO 24108 --- [SS12_B1] [restartedMain] o.apache.catalina.core.StandardService   : Starting service [Tomcat]
2026-05-27T18:50:27.092+07:00  INFO 24108 --- [SS12_B1] [restartedMain] o.apache.catalina.core.StandardEngine    : Starting Servlet engine: [Apache Tomcat/11.0.21]
2026-05-27T18:50:27.247+07:00  INFO 24108 --- [SS12_B1] [restartedMain] b.w.c.s.WebApplicationContextInitializer : Root WebApplicationContext: initialization completed in 1437 ms
2026-05-27T18:50:28.708+07:00  INFO 24108 --- [SS12_B1] [restartedMain] o.s.boot.tomcat.TomcatWebServer          : Tomcat started on port 8080 (http) with context path '/'
2026-05-27T18:50:28.725+07:00  INFO 24108 --- [SS12_B1] [restartedMain] com.demo.ss12_b1.Ss12B1Application       : Started Ss12B1Application in 3.58 seconds (process running for 4.578)
2026-05-27T18:58:01.374+07:00  INFO 23724 --- [SS12_B1] [restartedMain] com.demo.ss12_b1.Ss12B1Application       : Starting Ss12B1Application using Java 17.0.12 with PID 23724 (C:\java_service\SS12_B1\build\classes\java\main started by Admin in C:\java_service\SS12_B1)
2026-05-27T18:58:01.378+07:00  INFO 23724 --- [SS12_B1] [restartedMain] com.demo.ss12_b1.Ss12B1Application       : No active profile set, falling back to 1 default profile: "default"
2026-05-27T18:58:01.423+07:00  INFO 23724 --- [SS12_B1] [restartedMain] .e.DevToolsPropertyDefaultsPostProcessor : Devtools property defaults active! Set 'spring.devtools.add-properties' to 'false' to disable
2026-05-27T18:58:01.424+07:00  INFO 23724 --- [SS12_B1] [restartedMain] .e.DevToolsPropertyDefaultsPostProcessor : For additional web related logging consider setting the 'logging.level.web' property to 'DEBUG'
2026-05-27T18:58:02.437+07:00  INFO 23724 --- [SS12_B1] [restartedMain] o.s.boot.tomcat.TomcatWebServer          : Tomcat initialized with port 8080 (http)
2026-05-27T18:58:02.452+07:00  INFO 23724 --- [SS12_B1] [restartedMain] o.apache.catalina.core.StandardService   : Starting service [Tomcat]
2026-05-27T18:58:02.452+07:00  INFO 23724 --- [SS12_B1] [restartedMain] o.apache.catalina.core.StandardEngine    : Starting Servlet engine: [Apache Tomcat/11.0.21]
2026-05-27T18:58:02.492+07:00  INFO 23724 --- [SS12_B1] [restartedMain] b.w.c.s.WebApplicationContextInitializer : Root WebApplicationContext: initialization completed in 1068 ms
2026-05-27T18:58:03.025+07:00  WARN 23724 --- [SS12_B1] [restartedMain] ConfigServletWebServerApplicationContext : Exception encountered during context initialization - cancelling refresh attempt: org.springframework.context.ApplicationContextException: Failed to start bean 'webServerStartStop'
2026-05-27T18:58:03.037+07:00  INFO 23724 --- [SS12_B1] [restartedMain] .s.b.a.l.ConditionEvaluationReportLogger : 

Error starting ApplicationContext. To display the condition evaluation report re-run your application with 'debug' enabled.
2026-05-27T18:58:03.052+07:00 ERROR 23724 --- [SS12_B1] [restartedMain] o.s.b.d.LoggingFailureAnalysisReporter   : 

***************************
APPLICATION FAILED TO START
***************************

Description:

Web server failed to start. Port 8080 was already in use.

Action:

Identify and stop the process that's listening on port 8080 or configure this application to listen on another port.

2026-05-27T19:04:57.101+07:00  INFO 24108 --- [SS12_B1] [http-nio-8080-exec-1] o.a.c.c.C.[Tomcat].[localhost].[/]       : Initializing Spring DispatcherServlet 'dispatcherServlet'
2026-05-27T19:04:57.102+07:00  INFO 24108 --- [SS12_B1] [http-nio-8080-exec-1] o.s.web.servlet.DispatcherServlet        : Initializing Servlet 'dispatcherServlet'
2026-05-27T19:04:57.105+07:00  INFO 24108 --- [SS12_B1] [http-nio-8080-exec-1] o.s.web.servlet.DispatcherServlet        : Completed initialization in 3 ms
2026-05-27T19:16:48.960+07:00  INFO 24108 --- [SS12_B1] [File Watcher] rtingClassPathChangeChangedEventListener : Restarting due to 4 class path changes (0 additions, 4 deletions, 0 modifications)
2026-05-27T19:16:49.033+07:00  INFO 24108 --- [SS12_B1] [Thread-1] o.s.boot.tomcat.GracefulShutdown         : Commencing graceful shutdown. Waiting for active requests to complete
2026-05-27T19:16:50.134+07:00  INFO 24108 --- [SS12_B1] [tomcat-shutdown] o.s.boot.tomcat.GracefulShutdown         : Graceful shutdown complete
2026-05-27T19:16:50.469+07:00  INFO 24108 --- [SS12_B1] [restartedMain] com.demo.ss12_b1.Ss12B1Application       : Starting Ss12B1Application using Java 17.0.12 with PID 24108 (C:\java_service\SS12_B1\build\classes\java\main started by Admin in C:\java_service\SS12_B1)
2026-05-27T19:16:50.471+07:00  INFO 24108 --- [SS12_B1] [restartedMain] com.demo.ss12_b1.Ss12B1Application       : No active profile set, falling back to 1 default profile: "default"
2026-05-27T19:16:51.473+07:00  INFO 24108 --- [SS12_B1] [restartedMain] o.s.boot.tomcat.TomcatWebServer          : Tomcat initialized with port 8080 (http)
2026-05-27T19:16:51.476+07:00  INFO 24108 --- [SS12_B1] [restartedMain] o.apache.catalina.core.StandardService   : Starting service [Tomcat]
2026-05-27T19:16:51.478+07:00  INFO 24108 --- [SS12_B1] [restartedMain] o.apache.catalina.core.StandardEngine    : Starting Servlet engine: [Apache Tomcat/11.0.21]
2026-05-27T19:16:51.564+07:00  INFO 24108 --- [SS12_B1] [restartedMain] b.w.c.s.WebApplicationContextInitializer : Root WebApplicationContext: initialization completed in 1079 ms
2026-05-27T19:16:52.088+07:00  INFO 24108 --- [SS12_B1] [restartedMain] o.s.boot.tomcat.TomcatWebServer          : Tomcat started on port 8080 (http) with context path '/'
2026-05-27T19:16:52.106+07:00  INFO 24108 --- [SS12_B1] [restartedMain] com.demo.ss12_b1.Ss12B1Application       : Started Ss12B1Application in 1.841 seconds (process running for 1587.959)
2026-05-27T19:16:52.117+07:00  INFO 24108 --- [SS12_B1] [restartedMain] .ConditionEvaluationDeltaLoggingListener : Condition evaluation unchanged
2026-05-27T19:16:53.524+07:00  INFO 24108 --- [SS12_B1] [File Watcher] rtingClassPathChangeChangedEventListener : Restarting due to 6 class path changes (6 additions, 0 deletions, 0 modifications)
2026-05-27T19:16:53.531+07:00  INFO 24108 --- [SS12_B1] [Thread-5] o.s.boot.tomcat.GracefulShutdown         : Commencing graceful shutdown. Waiting for active requests to complete
2026-05-27T19:16:54.069+07:00  INFO 24108 --- [SS12_B1] [tomcat-shutdown] o.s.boot.tomcat.GracefulShutdown         : Graceful shutdown complete
2026-05-27T19:16:54.265+07:00  INFO 24108 --- [SS12_B1] [restartedMain] com.demo.ss12_b1.Ss12B1Application       : Starting Ss12B1Application using Java 17.0.12 with PID 24108 (C:\java_service\SS12_B1\build\classes\java\main started by Admin in C:\java_service\SS12_B1)
2026-05-27T19:16:54.268+07:00  INFO 24108 --- [SS12_B1] [restartedMain] com.demo.ss12_b1.Ss12B1Application       : No active profile set, falling back to 1 default profile: "default"
2026-05-27T19:16:55.109+07:00  INFO 12760 --- [SS12_B1] [Test worker] c.demo.ss12_b1.Ss12B1ApplicationTests    : Starting Ss12B1ApplicationTests using Java 17.0.12 with PID 12760 (started by Admin in C:\java_service\SS12_B1)
2026-05-27T19:16:55.110+07:00  INFO 12760 --- [SS12_B1] [Test worker] c.demo.ss12_b1.Ss12B1ApplicationTests    : No active profile set, falling back to 1 default profile: "default"
2026-05-27T19:16:55.479+07:00  INFO 24108 --- [SS12_B1] [restartedMain] o.s.boot.tomcat.TomcatWebServer          : Tomcat initialized with port 8080 (http)
2026-05-27T19:16:55.481+07:00  INFO 24108 --- [SS12_B1] [restartedMain] o.apache.catalina.core.StandardService   : Starting service [Tomcat]
2026-05-27T19:16:55.481+07:00  INFO 24108 --- [SS12_B1] [restartedMain] o.apache.catalina.core.StandardEngine    : Starting Servlet engine: [Apache Tomcat/11.0.21]
2026-05-27T19:16:55.546+07:00  INFO 24108 --- [SS12_B1] [restartedMain] b.w.c.s.WebApplicationContextInitializer : Root WebApplicationContext: initialization completed in 1268 ms
2026-05-27T19:16:56.987+07:00  INFO 24108 --- [SS12_B1] [restartedMain] o.s.boot.tomcat.TomcatWebServer          : Tomcat started on port 8080 (http) with context path '/'
2026-05-27T19:16:56.995+07:00  INFO 24108 --- [SS12_B1] [restartedMain] com.demo.ss12_b1.Ss12B1Application       : Started Ss12B1Application in 2.83 seconds (process running for 1592.848)
2026-05-27T19:16:56.998+07:00  INFO 24108 --- [SS12_B1] [restartedMain] .ConditionEvaluationDeltaLoggingListener : Condition evaluation unchanged
2026-05-27T19:16:57.278+07:00  INFO 12760 --- [SS12_B1] [Test worker] c.demo.ss12_b1.Ss12B1ApplicationTests    : Started Ss12B1ApplicationTests in 2.666 seconds (process running for 4.739)
2026-05-27T19:24:40.480+07:00  INFO 24108 --- [SS12_B1] [SpringApplicationShutdownHook] o.s.boot.tomcat.GracefulShutdown         : Commencing graceful shutdown. Waiting for active requests to complete
2026-05-27T19:24:40.663+07:00  INFO 24108 --- [SS12_B1] [tomcat-shutdown] o.s.boot.tomcat.GracefulShutdown         : Graceful shutdown complete
2026-05-27T19:26:00.910+07:00  INFO 27160 --- [SS12_B1] [Test worker] c.demo.ss12_b1.Ss12B1ApplicationTests    : Starting Ss12B1ApplicationTests using Java 17.0.12 with PID 27160 (started by Admin in C:\java_service\SS12_B1)
2026-05-27T19:26:00.912+07:00  INFO 27160 --- [SS12_B1] [Test worker] c.demo.ss12_b1.Ss12B1ApplicationTests    : No active profile set, falling back to 1 default profile: "default"
2026-05-27T19:26:10.581+07:00  INFO 27160 --- [SS12_B1] [Test worker] c.demo.ss12_b1.Ss12B1ApplicationTests    : Started Ss12B1ApplicationTests in 10.0 seconds (process running for 11.804)
2026-05-27T20:29:50.217+07:00  INFO 4852 --- [SS12_B1] [restartedMain] com.demo.ss12_b1.Ss12B1Application       : Starting Ss12B1Application using Java 17.0.12 with PID 4852 (C:\java_service\SS12_B1\build\classes\java\main started by Admin in C:\java_service\SS12_B1)
2026-05-27T20:29:50.223+07:00  INFO 4852 --- [SS12_B1] [restartedMain] com.demo.ss12_b1.Ss12B1Application       : No active profile set, falling back to 1 default profile: "default"
2026-05-27T20:29:50.287+07:00  INFO 4852 --- [SS12_B1] [restartedMain] .e.DevToolsPropertyDefaultsPostProcessor : Devtools property defaults active! Set 'spring.devtools.add-properties' to 'false' to disable
2026-05-27T20:29:50.288+07:00  INFO 4852 --- [SS12_B1] [restartedMain] .e.DevToolsPropertyDefaultsPostProcessor : For additional web related logging consider setting the 'logging.level.web' property to 'DEBUG'
2026-05-27T20:29:51.574+07:00  INFO 4852 --- [SS12_B1] [restartedMain] o.s.boot.tomcat.TomcatWebServer          : Tomcat initialized with port 8080 (http)
2026-05-27T20:29:51.593+07:00  INFO 4852 --- [SS12_B1] [restartedMain] o.apache.catalina.core.StandardService   : Starting service [Tomcat]
2026-05-27T20:29:51.594+07:00  INFO 4852 --- [SS12_B1] [restartedMain] o.apache.catalina.core.StandardEngine    : Starting Servlet engine: [Apache Tomcat/11.0.21]
2026-05-27T20:29:51.657+07:00  INFO 4852 --- [SS12_B1] [restartedMain] b.w.c.s.WebApplicationContextInitializer : Root WebApplicationContext: initialization completed in 1369 ms
2026-05-27T20:29:52.530+07:00  INFO 4852 --- [SS12_B1] [restartedMain] o.s.boot.tomcat.TomcatWebServer          : Tomcat started on port 8080 (http) with context path '/'
2026-05-27T20:29:52.540+07:00  INFO 4852 --- [SS12_B1] [restartedMain] com.demo.ss12_b1.Ss12B1Application       : Started Ss12B1Application in 3.054 seconds (process running for 4.394)
2026-05-27T20:30:30.968+07:00  INFO 4852 --- [SS12_B1] [http-nio-8080-exec-1] o.a.c.c.C.[Tomcat].[localhost].[/]       : Initializing Spring DispatcherServlet 'dispatcherServlet'
2026-05-27T20:30:30.968+07:00  INFO 4852 --- [SS12_B1] [http-nio-8080-exec-1] o.s.web.servlet.DispatcherServlet        : Initializing Servlet 'dispatcherServlet'
2026-05-27T20:30:30.970+07:00  INFO 4852 --- [SS12_B1] [http-nio-8080-exec-1] o.s.web.servlet.DispatcherServlet        : Completed initialization in 1 ms
2026-05-27T20:32:52.290+07:00  INFO 25800 --- [SS12_B1] [restartedMain] com.demo.ss12_b1.Ss12B1Application       : Starting Ss12B1Application using Java 17.0.12 with PID 25800 (C:\java_service\SS12_B1\build\classes\java\main started by Admin in C:\java_service\SS12_B1)
2026-05-27T20:32:52.295+07:00  INFO 25800 --- [SS12_B1] [restartedMain] com.demo.ss12_b1.Ss12B1Application       : No active profile set, falling back to 1 default profile: "default"
2026-05-27T20:32:52.347+07:00  INFO 25800 --- [SS12_B1] [restartedMain] .e.DevToolsPropertyDefaultsPostProcessor : Devtools property defaults active! Set 'spring.devtools.add-properties' to 'false' to disable
2026-05-27T20:32:52.347+07:00  INFO 25800 --- [SS12_B1] [restartedMain] .e.DevToolsPropertyDefaultsPostProcessor : For additional web related logging consider setting the 'logging.level.web' property to 'DEBUG'
2026-05-27T20:32:53.729+07:00  INFO 25800 --- [SS12_B1] [restartedMain] o.s.boot.tomcat.TomcatWebServer          : Tomcat initialized with port 8080 (http)
2026-05-27T20:32:53.749+07:00  INFO 25800 --- [SS12_B1] [restartedMain] o.apache.catalina.core.StandardService   : Starting service [Tomcat]
2026-05-27T20:32:53.749+07:00  INFO 25800 --- [SS12_B1] [restartedMain] o.apache.catalina.core.StandardEngine    : Starting Servlet engine: [Apache Tomcat/11.0.21]
2026-05-27T20:32:53.796+07:00  INFO 25800 --- [SS12_B1] [restartedMain] b.w.c.s.WebApplicationContextInitializer : Root WebApplicationContext: initialization completed in 1448 ms
2026-05-27T20:32:54.543+07:00  WARN 25800 --- [SS12_B1] [restartedMain] ConfigServletWebServerApplicationContext : Exception encountered during context initialization - cancelling refresh attempt: org.springframework.context.ApplicationContextException: Failed to start bean 'webServerStartStop'
2026-05-27T20:32:54.558+07:00  INFO 25800 --- [SS12_B1] [restartedMain] .s.b.a.l.ConditionEvaluationReportLogger : 

Error starting ApplicationContext. To display the condition evaluation report re-run your application with 'debug' enabled.
2026-05-27T20:32:54.574+07:00 ERROR 25800 --- [SS12_B1] [restartedMain] o.s.b.d.LoggingFailureAnalysisReporter   : 

***************************
APPLICATION FAILED TO START
***************************

Description:

Web server failed to start. Port 8080 was already in use.

Action:

Identify and stop the process that's listening on port 8080 or configure this application to listen on another port.

2026-05-27T20:34:22.853+07:00  WARN 4852 --- [SS12_B1] [http-nio-8080-exec-3] .w.s.m.s.DefaultHandlerExceptionResolver : Resolved [org.springframework.http.converter.HttpMessageNotReadableException: Required request body is missing: public org.springframework.http.ResponseEntity<com.demo.ss12_b1.model.entity.Book> com.demo.ss12_b1.controller.BookController.update(java.lang.Long,com.demo.ss12_b1.model.entity.Book)]
2026-05-27T20:38:54.452+07:00  INFO 4852 --- [SS12_B1] [SpringApplicationShutdownHook] o.s.boot.tomcat.GracefulShutdown         : Commencing graceful shutdown. Waiting for active requests to complete
2026-05-27T20:38:54.647+07:00  INFO 4852 --- [SS12_B1] [tomcat-shutdown] o.s.boot.tomcat.GracefulShutdown         : Graceful shutdown complete
